<?xml version="1.0" encoding="UTF-8"?>
<testng-results ignored="0" total="1" passed="1" failed="0" skipped="0">
  <reporter-output>
  </reporter-output>
  <suite started-at="2024-02-28T11:48:28 IST" name="Default suite" finished-at="2024-02-28T11:48:39 IST" duration-ms="11322">
    <groups>
    </groups>
    <test started-at="2024-02-28T11:48:28 IST" name="Default test" finished-at="2024-02-28T11:48:39 IST" duration-ms="11322">
      <class name="com.tests.dynamicTableTest">
        <test-method is-config="true" signature="startBrowser()[pri:0, instance:com.tests.dynamicTableTest@7d8995e]" started-at="2024-02-28T11:48:28 IST" name="startBrowser" finished-at="2024-02-28T11:48:30 IST" duration-ms="2443" status="PASS">
          <reporter-output>
          </reporter-output>
        </test-method> <!-- startBrowser -->
        <test-method signature="tc01VerifyDynamicTable()[pri:0, instance:com.tests.dynamicTableTest@7d8995e]" started-at="2024-02-28T11:48:30 IST" name="tc01VerifyDynamicTable" finished-at="2024-02-28T11:48:38 IST" duration-ms="7989" status="PASS">
          <reporter-output>
          </reporter-output>
        </test-method> <!-- tc01VerifyDynamicTable -->
        <test-method is-config="true" signature="closeBrowser()[pri:0, instance:com.tests.dynamicTableTest@7d8995e]" started-at="2024-02-28T11:48:38 IST" name="closeBrowser" finished-at="2024-02-28T11:48:39 IST" duration-ms="825" status="PASS">
          <reporter-output>
          </reporter-output>
        </test-method> <!-- closeBrowser -->
      </class> <!-- com.tests.dynamicTableTest -->
    </test> <!-- Default test -->
  </suite> <!-- Default suite -->
</testng-results>
